<?xml version="1.0" encoding="UTF-8"?>
<!-- Generated by org.testng.reporters.JUnitReportReporter -->
<testsuite hostname="LAPTOP-3LMAQE78" failures="0" tests="1" name="tests.Webtable" time="75.427" errors="0" timestamp="2023-02-06T16:41:03 IST" skipped="0">
  <testcase classname="tests.Webtable" name="verifyColours" time="75.427"/>
  <system-out/>
</testsuite> <!-- tests.Webtable -->
