<?xml version="1.0" encoding="UTF-8"?>
<!-- Generated by org.testng.reporters.JUnitReportReporter -->
<testsuite hostname="LAPTOP-3LMAQE78" failures="0" tests="1" name="Tests.TextBoxTests" time="0.033" errors="0" timestamp="2023-01-26T14:48:30 IST" skipped="0">
  <testcase classname="Tests.TextBoxTests" name="launchApplication" time="0.033"/>
  <system-out/>
</testsuite> <!-- Tests.TextBoxTests -->
