<?xml version="1.0" encoding="UTF-8"?>
<!-- Generated by org.testng.reporters.JUnitReportReporter -->
<testsuite hostname="LAPTOP-3LMAQE78" failures="0" tests="1" name="tests.Checkbox" time="13.862" errors="0" timestamp="2023-02-10T14:18:45 IST" skipped="0">
  <testcase classname="tests.Checkbox" name="validateExpandAllButton" time="13.862"/>
  <system-out/>
</testsuite> <!-- tests.Checkbox -->
