<?xml version="1.0" encoding="UTF-8"?>
<!-- Generated by org.testng.reporters.JUnitReportReporter -->
<testsuite hostname="LAPTOP-3LMAQE78" failures="0" tests="15" name="com.DemoQA.Dataprovider.Dataproviders" time="0.028" errors="0" timestamp="2023-02-09T13:02:53 IST" skipped="0">
  <testcase classname="com.DemoQA.Dataprovider.Dataproviders" name="getExceldatafortest" time="0.002"/>
  <system-out/>
  <testcase classname="com.DemoQA.Dataprovider.Dataproviders" name="getExceldatafortest" time="0.002"/>
  <system-out/>
  <testcase classname="com.DemoQA.Dataprovider.Dataproviders" name="getExceldatafortest" time="0.001"/>
  <system-out/>
  <testcase classname="com.DemoQA.Dataprovider.Dataproviders" name="getExceldatafortest" time="0.006"/>
  <system-out/>
  <testcase classname="com.DemoQA.Dataprovider.Dataproviders" name="getExceldatafortest" time="0.002"/>
  <system-out/>
  <testcase classname="com.DemoQA.Dataprovider.Dataproviders" name="getExceldatafortest" time="0.002"/>
  <system-out/>
  <testcase classname="com.DemoQA.Dataprovider.Dataproviders" name="getExceldatafortest" time="0.001"/>
  <system-out/>
  <testcase classname="com.DemoQA.Dataprovider.Dataproviders" name="getExceldatafortest" time="0.002"/>
  <system-out/>
  <testcase classname="com.DemoQA.Dataprovider.Dataproviders" name="getExceldatafortest" time="0.002"/>
  <system-out/>
  <testcase classname="com.DemoQA.Dataprovider.Dataproviders" name="getExceldatafortest" time="0.002"/>
  <system-out/>
  <testcase classname="com.DemoQA.Dataprovider.Dataproviders" name="getExceldatafortest" time="0.002"/>
  <system-out/>
  <testcase classname="com.DemoQA.Dataprovider.Dataproviders" name="getExceldatafortest" time="0.001"/>
  <system-out/>
  <testcase classname="com.DemoQA.Dataprovider.Dataproviders" name="getExceldatafortest" time="0.001"/>
  <system-out/>
  <testcase classname="com.DemoQA.Dataprovider.Dataproviders" name="getExceldatafortest" time="0.001"/>
  <system-out/>
  <testcase classname="com.DemoQA.Dataprovider.Dataproviders" name="getExceldatafortest" time="0.001"/>
  <system-out/>
</testsuite> <!-- com.DemoQA.Dataprovider.Dataproviders -->
