<?xml version="1.0" encoding="UTF-8"?>
<!-- Generated by org.testng.reporters.JUnitReportReporter -->
<testsuite hostname="LAPTOP-3LMAQE78" failures="0" tests="1" name="Tests.Dummy" time="8.724" errors="0" timestamp="2023-01-26T14:53:39 IST" skipped="0">
  <testcase classname="Tests.Dummy" name="print" time="8.724"/>
  <system-out/>
</testsuite> <!-- Tests.Dummy -->
