<?xml version="1.0" encoding="UTF-8"?>
<!-- Generated by org.testng.reporters.JUnitReportReporter -->
<testsuite hostname="LAPTOP-3LMAQE78" failures="0" tests="1" name="tests.Form" time="30.883" errors="0" timestamp="2023-02-01T16:54:55 IST" skipped="0">
  <testcase classname="tests.Form" name="clearDateField" time="30.883"/>
  <system-out/>
</testsuite> <!-- tests.Form -->
