<?xml version="1.0" encoding="UTF-8"?>
<!-- Generated by org.testng.reporters.JUnitReportReporter -->
<testsuite hostname="LAPTOP-3LMAQE78" failures="0" tests="1" name="tests.Webtable" time="20.584" errors="0" timestamp="2023-02-04T23:30:50 IST" skipped="0">
  <testcase classname="tests.Webtable" name="checkAddPaged" time="20.584"/>
  <system-out/>
</testsuite> <!-- tests.Webtable -->
