<?xml version="1.0" encoding="UTF-8"?>
<!-- Generated by org.testng.reporters.JUnitReportReporter -->
<testsuite hostname="LAPTOP-3LMAQE78" failures="0" tests="1" name="tests.CheckBoxTests" time="75.892" errors="0" timestamp="2023-02-04T14:45:53 IST" skipped="0">
  <testcase classname="tests.CheckBoxTests" name="test" time="75.892"/>
  <system-out/>
</testsuite> <!-- tests.CheckBoxTests -->
