<?xml version="1.0" encoding="UTF-8"?>
<!-- Generated by org.testng.reporters.JUnitReportReporter -->
<testsuite hostname="LAPTOP-3LMAQE78" failures="0" tests="1" name="tests.Buttons" time="18.888" errors="0" timestamp="2023-02-03T18:15:15 IST" skipped="0">
  <testcase classname="tests.Buttons" name="reachForm" time="18.888"/>
  <system-out/>
</testsuite> <!-- tests.Buttons -->
