<?xml version="1.0" encoding="UTF-8"?>
<!-- Generated by org.testng.reporters.JUnitReportReporter -->
<testsuite hostname="LAPTOP-3LMAQE78" failures="0" tests="1" name="tests.RadioButton" time="16.775" errors="0" timestamp="2023-01-29T12:26:58 IST" skipped="0">
  <testcase classname="tests.RadioButton" name="checkDisabilityofNoRadioButton" time="16.775"/>
  <system-out/>
</testsuite> <!-- tests.RadioButton -->
