<?xml version="1.0" encoding="UTF-8"?>
<!-- Generated by org.testng.reporters.JUnitReportReporter -->
<testsuite hostname="LAPTOP-3LMAQE78" failures="0" tests="1" name="tests.Textbox" time="62.554" errors="0" timestamp="2023-02-10T13:40:59 IST" skipped="0">
  <testcase classname="tests.Textbox" name="checkboxOpened" time="62.554"/>
  <system-out/>
</testsuite> <!-- tests.Textbox -->
